<?xml version="1.0" encoding="UTF-8"?>
<testsuite name="hotel.HotelTest" tests="3" skipped="0" failures="0" errors="0" timestamp="2018-09-24T07:37:54" hostname="MANIMARAN-LP" time="0.0">
  <properties/>
  <testcase name="testCreateHotel" classname="hotel.HotelTest" time="0.0"/>
  <testcase name="testHotelWithFloor" classname="hotel.HotelTest" time="0.0"/>
  <testcase name="testHotelWithController" classname="hotel.HotelTest" time="0.0"/>
  <system-out><![CDATA[]]></system-out>
  <system-err><![CDATA[]]></system-err>
</testsuite>
