<?xml version="1.0" encoding="UTF-8"?>
<testsuite name="hotel.FloorTest" tests="5" skipped="0" failures="0" errors="0" timestamp="2018-09-24T07:37:54" hostname="MANIMARAN-LP" time="0.001">
  <properties/>
  <testcase name="testCreateFloor" classname="hotel.FloorTest" time="0.0"/>
  <testcase name="testCreateFloorWithMainCorridorAndSubCorridor" classname="hotel.FloorTest" time="0.0"/>
  <testcase name="testPowerConsumptionOnFloor" classname="hotel.FloorTest" time="0.0"/>
  <testcase name="testCreateFloorWithSubCorridor" classname="hotel.FloorTest" time="0.0"/>
  <testcase name="testCreateFloorWithMainCorridor" classname="hotel.FloorTest" time="0.0"/>
  <system-out><![CDATA[]]></system-out>
  <system-err><![CDATA[]]></system-err>
</testsuite>
