<?xml version="1.0" encoding="UTF-8"?>
<testsuite name="sensor.SensorTest" tests="2" skipped="0" failures="0" errors="0" timestamp="2018-09-24T07:37:54" hostname="MANIMARAN-LP" time="0.002">
  <properties/>
  <testcase name="testLightOffDuringOnMovement" classname="sensor.SensorTest" time="0.001"/>
  <testcase name="testMovementDetectionOnSubCorridor" classname="sensor.SensorTest" time="0.001"/>
  <system-out><![CDATA[No Movement detected at Floor number 1, Corridor id SC1
              Floor 1
Main corridor 1 LIGHT 1 : ON AC 1 : ON
Sub corridor 1 LIGHT 1 : OFF AC 1 : ON
Power consumption is 25 units
*******************************************************
Movement detected at Floor number 1, Corridor number SC1
Switching on LIGHT of Floor 1, Corridor SC1
Power consumption is 30 units
Power consumption exceeded by 10 units
Switching off AC of Floor 1, Corridor SC2
              Floor 1
Sub corridor 1 LIGHT 1 : ON AC 1 : OFF
Sub corridor 2 LIGHT 1 : ON AC 1 : OFF
Power consumption is 10 units
*******************************************************
]]></system-out>
  <system-err><![CDATA[]]></system-err>
</testsuite>
