<?xml version="1.0" encoding="UTF-8"?>
<testsuite name="equipment.EquipmentTest" tests="5" skipped="0" failures="0" errors="0" timestamp="2018-09-24T07:37:54" hostname="MANIMARAN-LP" time="0.001">
  <properties/>
  <testcase name="testEquipmentActionStateOff" classname="equipment.EquipmentTest" time="0.0"/>
  <testcase name="testEquipmentType" classname="equipment.EquipmentTest" time="0.0"/>
  <testcase name="testEquipmentCreate" classname="equipment.EquipmentTest" time="0.0"/>
  <testcase name="testEquipmentActionStateOn" classname="equipment.EquipmentTest" time="0.0"/>
  <testcase name="mainCorridorEquipmentInitialState" classname="equipment.EquipmentTest" time="0.0"/>
  <system-out><![CDATA[]]></system-out>
  <system-err><![CDATA[]]></system-err>
</testsuite>
